[    1043ms] [LOG] %c
▲

 _____ _              _                    _   _             __
|_   _| |__   ___    / \   __ _  ___ _ __ | |_(_) ___       / /
  | | | '_ \ / _ \  / _ \ / _` |/ _ \ '_ \| __| |/ __|     / /
  | | | | | |  __/ / ___ \ (_| |  __/ | | | |_| | (__     /_/
  |_| |_| |_|\___|/_/   \_\__, |\___|_| |_|\__|_|\___|    (_)
                           |___/
 ___        __               _                   _                 _
|_ _|_ __  / _|_ __ __ _ ___| |_ _ __ _   _  ___| |_ _   _ _ __ ___
 | || '_ \| |_| '__/ _` / __| __| '__| | | |/ __| __| | | | '__/ _ \
 | || | | |  _| | | (_| \__ \ |_| |  | |_| | (__| |_| |_| | | |  __/
|___|_| |_|_| |_|  \__,_|___/\__|_|   \__,_|\___|\__|\__,_|_|  \___|
  

Hello!

- Open Source https://vercel.com/oss
- Careers https://vercel.com/careers
- Status https://vercel-status.com

 font-family: "Geist Mono", monospace; white-space: pre; line-height: 1; @ https://vercel.com/vc-ap-vercel-marketing/_next/static/immutable/chunks/3e8ba5aeif0fb.js:78
[    1236ms] [ERROR] Loading the image 'https://py8fhxnkzwtsqdo9.public.blob.vercel-storage.com/front/favicon/vercel/android-chrome-192x192.png' violates the following Content Security Policy directive: "img-src 'self' blob: data: *.github.io avatars.githubusercontent.com user-images.githubusercontent.com vercel.com vercel.live *.vercel.sh assets.vercel.com cdn.raster.app https://images.ctfassets.net https://www.google.com https://i.ytimg.com https://s3.amazonaws.com pbs.twimg.com https://www.gravatar.com https://lishhsx6kmthaacj.public.blob.vercel-storage.com https://fvqcrhkhgatlyl2m.public.blob.vercel-storage.com". The action has been blocked. @ https://vercel.com/:0
[    1421ms] [WARNING] Error while trying to use the following icon from the Manifest: https://py8fhxnkzwtsqdo9.public.blob.vercel-storage.com/front/favicon/vercel/android-chrome-192x192.png (Download error or resource isn't a valid image) @ https://vercel.com/:0
[    1838ms] [WARNING] Deprecated API for given entry type. @ https://vercel.com/vc-ap-vercel-marketing/_next/static/immutable/chunks/3m-l16o4tu20w.js:18
[    1992ms] [ERROR] Failed to load resource: the server responded with a status of 403 () @ https://vercel.com/api/jwt:0
